<?xml version="1.0" encoding="UTF-8"?>
<!-- Generated by org.testng.reporters.JUnitReportReporter -->
<testsuite hostname="LAPTOP-RBNKP" failures="0" tests="1" name="com.testCode.OrangeTesting$Orange_login" time="14.374" errors="0" timestamp="2022-05-19T23:26:50 IST" skipped="0">
  <testcase classname="com.testCode.OrangeTesting$Orange_login" name="ora_login" time="14.374"/>
  <system-out/>
</testsuite> <!-- com.testCode.OrangeTesting$Orange_login -->
