<?xml version="1.0" encoding="UTF-8"?>
<!-- Generated by org.testng.reporters.JUnitReportReporter -->
<testsuite hostname="LAPTOP-RBNKP" failures="0" tests="1" name="com.testCode.Orange_login" time="18.011" errors="0" timestamp="2022-05-19T11:46:24 IST" skipped="0">
  <testcase classname="com.testCode.Orange_login" name="ora_login" time="18.011"/>
  <system-out/>
</testsuite> <!-- com.testCode.Orange_login -->
