<?xml version="1.0" encoding="UTF-8"?>
<!-- Generated by org.testng.reporters.JUnitReportReporter -->
<testsuite hostname="LAPTOP-RBNKP" failures="0" tests="2" name="com.testCode.Login_Test" time="0.075" errors="0" timestamp="2022-05-19T11:45:55 IST" skipped="0">
  <testcase classname="com.testCode.Login_Test" name="testLogin2" time="0.002"/>
  <system-out/>
  <testcase classname="com.testCode.Login_Test" name="testLogin1" time="0.073"/>
  <system-out/>
</testsuite> <!-- com.testCode.Login_Test -->
