<?xml version="1.0" encoding="UTF-8"?>
<!-- Generated by org.testng.reporters.JUnitReportReporter -->
<testsuite hostname="LAPTOP-RBNKP" failures="0" tests="2" name="com.testCode.LoginTesting" time="0.037" errors="0" timestamp="2022-05-20T11:00:22 IST" skipped="0">
  <testcase classname="com.testCode.LoginTesting" name="testLogin2" time="0.002"/>
  <system-out/>
  <testcase classname="com.testCode.LoginTesting" name="testLogin1" time="0.035"/>
  <system-out/>
</testsuite> <!-- com.testCode.LoginTesting -->
