<?xml version="1.0" encoding="UTF-8"?>
<!-- Generated by org.testng.reporters.JUnitReportReporter -->
<testsuite hostname="LAPTOP-RBNKP" failures="0" tests="2" name="com.testCode.LoginTesting" time="0.006" errors="0" timestamp="2022-05-21T11:02:08 IST" skipped="0">
  <testcase classname="com.testCode.LoginTesting" name="testLogin1" time="0.006"/>
  <system-out/>
  <testcase classname="com.testCode.LoginTesting" name="testLogin2" time="0.000"/>
  <system-out/>
</testsuite> <!-- com.testCode.LoginTesting -->
