<?xml version="1.0" encoding="UTF-8"?>
<!-- Generated by org.testng.reporters.JUnitReportReporter -->
<testsuite hostname="LAPTOP-RBNKP" failures="0" tests="1" name="com.testCode.OrangeTesting" time="16.483" errors="0" timestamp="2022-05-20T17:32:14 IST" skipped="0">
  <testcase classname="com.testCode.OrangeTesting" name="ora_login" time="16.483"/>
  <system-out/>
</testsuite> <!-- com.testCode.OrangeTesting -->
